<?xml version="1.0" encoding="UTF-8"?>
<!-- Generated by org.testng.reporters.JUnitReportReporter -->
<testsuite hostname="sanket" failures="0" tests="2" name="testAndValidation.TestWithAnot" time="1.705" errors="0" timestamp="2024-01-22T18:35:21 IST" skipped="0">
  <testcase classname="testAndValidation.TestWithAnot" name="checkLanguage" time="1.322"/>
  <system-out/>
  <testcase classname="testAndValidation.TestWithAnot" name="checkPersonName" time="0.383"/>
  <system-out/>
</testsuite> <!-- testAndValidation.TestWithAnot -->
